#
# A fatal error has been detected by the Java Runtime Environment:
#
#  EXCEPTION_SINGLE_STEP (0x80000004) at pc=0x00000001800352d6, pid=13000, tid=0x0000000000002ce8
#
# JRE version: Java(TM) SE Runtime Environment (8.0_102-b14) (build 1.8.0_102-b14)
# Java VM: Java HotSpot(TM) 64-Bit Server VM (25.102-b14 mixed mode windows-amd64 compressed oops)
# Problematic frame:
# C  [EasyRedirect64.dll+0x352d6]
#
# Failed to write core dump. Minidumps are not enabled by default on client versions of Windows
#
# If you would like to submit a bug report, please visit:
#   http://bugreport.java.com/bugreport/crash.jsp
# The crash happened outside the Java Virtual Machine in native code.
# See problematic frame for where to report the bug.
#

---------------  T H R E A D  ---------------

Current thread (0x000000001c612800):  JavaThread "Daemon worker Thread 15" [_thread_in_native, id=11496, stack(0x000000007d3d0000,0x000000007d4d0000)]

siginfo: ExceptionCode=0x80000004

Registers:
RAX=0x0000000000000000, RBX=0x0000000000c8a830, RCX=0x0000000000c8a830, RDX=0x00000000177677e0
RSP=0x000000007d4c9b10, RBP=0x0000000000000000, RSI=0x0000000000000000, RDI=0x0000000016917f10
R8 =0x000000018007f348, R9 =0x0000000000000000, R10=0x0000000000000000, R11=0x000000007d4c9ab8
R12=0x0000000000000002, R13=0x000000001c100170, R14=0x000000007d4c9d18, R15=0x0000000000000002
RIP=0x00000001800352d6, EFLAGS=0x0000000000000246

Top of Stack: (sp=0x000000007d4c9b10)
0x000000007d4c9b10:   ff0000000016917f 000000001c100160
0x000000007d4c9b20:   000000007d4c9d18 0000000016917f10
0x000000007d4c9b30:   000000001c6129f8 0000000180036192
0x000000007d4c9b40:   000000018007f280 0000000000c8a830
0x000000007d4c9b50:   00000000177677e0 0000000017767d60
0x000000007d4c9b60:   fffffffffffffffe 0000000000000002
0x000000007d4c9b70:   000000001c612800 0000000016917f10
0x000000007d4c9b80:   0000000000000000 00000001800360e2
0x000000007d4c9b90:   0000000000c8a830 0000000000c8a830
0x000000007d4c9ba0:   0000000000000000 0000000072898bd4
0x000000007d4c9bb0:   000000001c6129f8 0000000016917f10
0x000000007d4c9bc0:   000000001be687f0 000000001be68cf0
0x000000007d4c9bd0:   000000001c6129f8 00000000738b3fb2
0x000000007d4c9be0:   0000000000c8a830 000000001c6129f8
0x000000007d4c9bf0:   000000001be68cf0 000000001be687f0
0x000000007d4c9c00:   0000000000000002 0000000000c8a830 

Instructions: (pc=0x00000001800352d6)
0x00000001800352b6:   25 00 00 00 00 3b 46 4c 90 ff 7f 00 00 53 48 83
0x00000001800352c6:   ec 20 48 8b d9 48 89 7c 24 ff 25 00 00 00 00 f1
0x00000001800352d6:   45 4c 90 ff 7f 00 00 01 89 04 24 8b 44 24 04 0f
0x00000001800352e6:   af 04 24 83 c0 02 89 04 24 8b 44 24 04 0f af 04 


Register to memory mapping:

RAX=0x0000000000000000 is an unknown value
RBX=0x0000000000c8a830 is an unknown value
RCX=0x0000000000c8a830 is an unknown value
RDX=0x00000000177677e0 is an unknown value
RSP=0x000000007d4c9b10 is pointing into the stack for thread: 0x000000001c612800
RBP=0x0000000000000000 is an unknown value
RSI=0x0000000000000000 is an unknown value
RDI=0x0000000016917f10 is an unknown value
R8 =0x000000018007f348 is an unknown value
R9 =0x0000000000000000 is an unknown value
R10=0x0000000000000000 is an unknown value
R11=0x000000007d4c9ab8 is pointing into the stack for thread: 0x000000001c612800
R12=0x0000000000000002 is an unknown value
R13=0x000000001c100170 is an unknown value
R14=0x000000007d4c9d18 is pointing into the stack for thread: 0x000000001c612800
R15=0x0000000000000002 is an unknown value


Stack: [0x000000007d3d0000,0x000000007d4d0000],  sp=0x000000007d4c9b10,  free space=998k
Native frames: (J=compiled Java code, j=interpreted, Vv=VM code, C=native code)

Java frames: (J=compiled Java code, j=interpreted, Vv=VM code)
j  java.net.Inet6AddressImpl.lookupAllHostAddr(Ljava/lang/String;)[Ljava/net/InetAddress;+0
j  java.net.InetAddress$2.lookupAllHostAddr(Ljava/lang/String;)[Ljava/net/InetAddress;+4
j  java.net.InetAddress.getAddressesFromNameService(Ljava/lang/String;Ljava/net/InetAddress;)[Ljava/net/InetAddress;+51
j  java.net.InetAddress.getAllByName0(Ljava/lang/String;Ljava/net/InetAddress;Z)[Ljava/net/InetAddress;+29
j  java.net.InetAddress.getAllByName(Ljava/lang/String;Ljava/net/InetAddress;)[Ljava/net/InetAddress;+383
j  java.net.InetAddress.getAllByName(Ljava/lang/String;)[Ljava/net/InetAddress;+2
j  org.apache.http.impl.conn.SystemDefaultDnsResolver.resolve(Ljava/lang/String;)[Ljava/net/InetAddress;+1
j  org.apache.http.impl.conn.DefaultClientConnectionOperator.resolveHostname(Ljava/lang/String;)[Ljava/net/InetAddress;+5
j  org.apache.http.impl.conn.DefaultClientConnectionOperator.openConnection(Lorg/apache/http/conn/OperatedClientConnection;Lorg/apache/http/HttpHost;Ljava/net/InetAddress;Lorg/apache/http/protocol/HttpContext;Lorg/apache/http/params/HttpParams;)V+87
j  org.apache.http.impl.conn.ManagedClientConnectionImpl.open(Lorg/apache/http/conn/routing/HttpRoute;Lorg/apache/http/protocol/HttpContext;Lorg/apache/http/params/HttpParams;)V+133
j  org.apache.http.impl.client.DefaultRequestDirector.tryConnect(Lorg/apache/http/impl/client/RoutedRequest;Lorg/apache/http/protocol/HttpContext;)V+49
j  org.apache.http.impl.client.DefaultRequestDirector.execute(Lorg/apache/http/HttpHost;Lorg/apache/http/HttpRequest;Lorg/apache/http/protocol/HttpContext;)Lorg/apache/http/HttpResponse;+367
j  org.apache.http.impl.client.AbstractHttpClient.execute(Lorg/apache/http/HttpHost;Lorg/apache/http/HttpRequest;Lorg/apache/http/protocol/HttpContext;)Lorg/apache/http/HttpResponse;+344
j  org.apache.http.impl.client.DecompressingHttpClient.execute(Lorg/apache/http/HttpHost;Lorg/apache/http/HttpRequest;Lorg/apache/http/protocol/HttpContext;)Lorg/apache/http/HttpResponse;+65
j  org.apache.http.impl.client.DecompressingHttpClient.execute(Lorg/apache/http/client/methods/HttpUriRequest;Lorg/apache/http/protocol/HttpContext;)Lorg/apache/http/HttpResponse;+8
j  org.gradle.internal.resource.transport.http.HttpClientHelper.performHttpRequest(Lorg/apache/http/client/methods/HttpRequestBase;)Lorg/apache/http/HttpResponse;+37
j  org.gradle.internal.resource.transport.http.HttpClientHelper.executeGetOrHead(Lorg/apache/http/client/methods/HttpRequestBase;)Lorg/apache/http/HttpResponse;+2
j  org.gradle.internal.resource.transport.http.HttpClientHelper.performRequest(Lorg/apache/http/client/methods/HttpRequestBase;)Lorg/apache/http/HttpResponse;+7
j  org.gradle.internal.resource.transport.http.HttpClientHelper.performRawGet(Ljava/lang/String;)Lorg/apache/http/HttpResponse;+9
j  org.gradle.internal.resource.transport.http.HttpClientHelper.performGet(Ljava/lang/String;)Lorg/apache/http/HttpResponse;+6
j  org.gradle.internal.resource.transport.http.HttpResourceAccessor.openResource(Ljava/net/URI;)Lorg/gradle/internal/resource/transport/http/HttpResponseResource;+25
j  org.gradle.internal.resource.transport.http.HttpResourceAccessor.openResource(Ljava/net/URI;)Lorg/gradle/internal/resource/transfer/ExternalResourceReadResponse;+2
j  org.gradle.internal.resource.transfer.DefaultExternalResourceConnector.openResource(Ljava/net/URI;)Lorg/gradle/internal/resource/transfer/ExternalResourceReadResponse;+5
j  org.gradle.internal.resource.transfer.ProgressLoggingExternalResourceAccessor.openResource(Ljava/net/URI;)Lorg/gradle/internal/resource/transfer/ExternalResourceReadResponse;+5
j  org.gradle.internal.resource.transport.DefaultExternalResourceRepository.getResource(Ljava/net/URI;)Lorg/gradle/internal/resource/ExternalResource;+5
j  org.gradle.internal.resource.transfer.DefaultCacheAwareExternalResourceAccessor.getResource(Ljava/net/URI;Lorg/gradle/internal/resource/transfer/CacheAwareExternalResourceAccessor$ResourceFileStore;Lorg/gradle/internal/resource/local/LocallyAvailableResourceCandidates;)Lorg/gradle/internal/resource/local/LocallyAvailableExternalResource;+57
J 5978 C1 org.gradle.api.internal.artifacts.repositories.resolver.DefaultExternalResourceArtifactResolver.downloadStaticResource(Ljava/util/List;Lorg/gradle/internal/component/external/model/ModuleComponentArtifactMetaData;Lorg/gradle/internal/resolve/result/ResourceAwareResolveResult;)Lorg/gradle/internal/resource/local/LocallyAvailableExternalResource; (142 bytes) @ 0x00000000039e7a64 [0x00000000039e6960+0x1104]
J 10898 C1 org.gradle.api.internal.artifacts.repositories.resolver.ExternalResourceResolver.parseMetaDataFromArtifact(Lorg/gradle/api/artifacts/component/ModuleComponentIdentifier;Lorg/gradle/api/internal/artifacts/repositories/resolver/ExternalResourceArtifactResolver;Lorg/gradle/internal/resolve/result/ResourceAwareResolveResult;)Lorg/gradle/internal/component/external/model/MutableModuleComponentResolveMetaData; (48 bytes) @ 0x0000000002ecf8f4 [0x0000000002ecf2e0+0x614]
J 9415 C1 org.gradle.api.internal.artifacts.repositories.resolver.ExternalResourceResolver.resolveStaticDependency(Lorg/gradle/api/artifacts/component/ModuleComponentIdentifier;Lorg/gradle/internal/component/model/ComponentOverrideMetadata;Lorg/gradle/internal/resolve/result/BuildableModuleComponentMetaDataResolveResult;Lorg/gradle/api/internal/artifacts/repositories/resolver/ExternalResourceArtifactResolver;)V (101 bytes) @ 0x0000000002c2aaf4 [0x0000000002c2a9c0+0x134]
J 10896 C1 org.gradle.api.internal.artifacts.repositories.resolver.MavenResolver.doResolveComponentMetaData(Lorg/gradle/api/artifacts/component/ModuleComponentIdentifier;Lorg/gradle/internal/component/model/ComponentOverrideMetadata;Lorg/gradle/internal/resolve/result/BuildableModuleComponentMetaDataResolveResult;)V (88 bytes) @ 0x000000000363caa4 [0x000000000363b6e0+0x13c4]
J 9414 C1 org.gradle.api.internal.artifacts.repositories.resolver.ExternalResourceResolver$RemoteRepositoryAccess.resolveComponentMetaData(Lorg/gradle/api/artifacts/component/ModuleComponentIdentifier;Lorg/gradle/internal/component/model/ComponentOverrideMetadata;Lorg/gradle/internal/resolve/result/BuildableModuleComponentMetaDataResolveResult;)V (11 bytes) @ 0x000000000293ae84 [0x000000000293ad80+0x104]
j  org.gradle.api.internal.artifacts.ivyservice.ivyresolve.CacheLockReleasingModuleComponentsRepository$LockReleasingRepositoryAccess$2.run()V+19
J 3918 C1 org.gradle.internal.Factories$1.create()Ljava/lang/Object; (11 bytes) @ 0x00000000035f90c4 [0x00000000035f8fc0+0x104]
j  org.gradle.cache.internal.DefaultCacheAccess.longRunningOperation(Ljava/lang/String;Lorg/gradle/internal/Factory;)Ljava/lang/Object;+7
j  org.gradle.cache.internal.DefaultCacheAccess.longRunningOperation(Ljava/lang/String;Ljava/lang/Runnable;)V+6
j  org.gradle.cache.internal.DefaultPersistentDirectoryStore.longRunningOperation(Ljava/lang/String;Ljava/lang/Runnable;)V+6
j  org.gradle.cache.internal.DefaultCacheFactory$ReferenceTrackingCache.longRunningOperation(Ljava/lang/String;Ljava/lang/Runnable;)V+9
j  org.gradle.api.internal.artifacts.ivyservice.DefaultCacheLockingManager.longRunningOperation(Ljava/lang/String;Ljava/lang/Runnable;)V+6
j  org.gradle.api.internal.artifacts.ivyservice.ivyresolve.CacheLockReleasingModuleComponentsRepository$LockReleasingRepositoryAccess.resolveComponentMetaData(Lorg/gradle/api/artifacts/component/ModuleComponentIdentifier;Lorg/gradle/internal/component/model/ComponentOverrideMetadata;Lorg/gradle/internal/resolve/result/BuildableModuleComponentMetaDataResolveResult;)V+35
j  org.gradle.api.internal.artifacts.ivyservice.ivyresolve.CachingModuleComponentRepository$ResolveAndCacheRepositoryAccess.resolveComponentMetaData(Lorg/gradle/api/artifacts/component/ModuleComponentIdentifier;Lorg/gradle/internal/component/model/ComponentOverrideMetadata;Lorg/gradle/internal/resolve/result/BuildableModuleComponentMetaDataResolveResult;)V+24
j  org.gradle.api.internal.artifacts.ivyservice.ivyresolve.BaseModuleComponentRepositoryAccess.resolveComponentMetaData(Lorg/gradle/api/artifacts/component/ModuleComponentIdentifier;Lorg/gradle/internal/component/model/ComponentOverrideMetadata;Lorg/gradle/internal/resolve/result/BuildableModuleComponentMetaDataResolveResult;)V+7
j  org.gradle.api.internal.artifacts.ivyservice.ivyresolve.memcache.InMemoryCachedModuleComponentRepository$CachedAccess.resolveComponentMetaData(Lorg/gradle/api/artifacts/component/ModuleComponentIdentifier;Lorg/gradle/internal/component/model/ComponentOverrideMetadata;Lorg/gradle/internal/resolve/result/BuildableModuleComponentMetaDataResolveResult;)V+16
j  org.gradle.api.internal.artifacts.ivyservice.ivyresolve.ErrorHandlingModuleComponentRepository$ErrorHandlingModuleComponentRepositoryAccess.resolveComponentMetaData(Lorg/gradle/api/artifacts/component/ModuleComponentIdentifier;Lorg/gradle/internal/component/model/ComponentOverrideMetadata;Lorg/gradle/internal/resolve/result/BuildableModuleComponentMetaDataResolveResult;)V+7
j  org.gradle.api.internal.artifacts.ivyservice.ivyresolve.ComponentMetaDataResolveState.process(Lorg/gradle/api/internal/artifacts/ivyservice/ivyresolve/ModuleComponentRepositoryAccess;)V+13
j  org.gradle.api.internal.artifacts.ivyservice.ivyresolve.ComponentMetaDataResolveState.resolve()Lorg/gradle/internal/resolve/result/BuildableModuleComponentMetaDataResolveResult;+77
j  org.gradle.api.internal.artifacts.ivyservice.ivyresolve.RepositoryChainComponentMetaDataResolver.findBestMatch(Ljava/util/LinkedList;Ljava/util/Collection;Ljava/util/Collection;)Lorg/gradle/api/internal/artifacts/ivyservice/ivyresolve/RepositoryChainModuleResolution;+21
j  org.gradle.api.internal.artifacts.ivyservice.ivyresolve.RepositoryChainComponentMetaDataResolver.findBestMatch(Ljava/util/List;Ljava/util/Collection;)Lorg/gradle/api/internal/artifacts/ivyservice/ivyresolve/RepositoryChainModuleResolution;+28
j  org.gradle.api.internal.artifacts.ivyservice.ivyresolve.RepositoryChainComponentMetaDataResolver.resolveModule(Lorg/gradle/api/artifacts/component/ModuleComponentIdentifier;Lorg/gradle/internal/component/model/ComponentOverrideMetadata;Lorg/gradle/internal/resolve/result/BuildableComponentResolveResult;)V+97
j  org.gradle.api.internal.artifacts.ivyservice.ivyresolve.RepositoryChainComponentMetaDataResolver.resolve(Lorg/gradle/api/artifacts/component/ComponentIdentifier;Lorg/gradle/internal/component/model/ComponentOverrideMetadata;Lorg/gradle/internal/resolve/result/BuildableComponentResolveResult;)V+24
j  org.gradle.api.internal.artifacts.ivyservice.resolveengine.ComponentResolversChain$ComponentMetaDataResolverChain.resolve(Lorg/gradle/api/artifacts/component/ComponentIdentifier;Lorg/gradle/internal/component/model/ComponentOverrideMetadata;Lorg/gradle/internal/resolve/result/BuildableComponentResolveResult;)V+48
j  org.gradle.api.internal.artifacts.ivyservice.clientmodule.ClientModuleResolver.resolve(Lorg/gradle/api/artifacts/component/ComponentIdentifier;Lorg/gradle/internal/component/model/ComponentOverrideMetadata;Lorg/gradle/internal/resolve/result/BuildableComponentResolveResult;)V+7
j  org.gradle.api.internal.artifacts.ivyservice.resolveengine.graph.DependencyGraphBuilder$ModuleVersionResolveState.resolve()V+92
j  org.gradle.api.internal.artifacts.ivyservice.resolveengine.graph.DependencyGraphBuilder$ModuleVersionResolveState.getMetaData()Lorg/gradle/internal/component/model/ComponentResolveMetaData;+8
j  org.gradle.api.internal.artifacts.ivyservice.resolveengine.graph.DependencyGraphBuilder$DependencyEdge.calculateTargetConfigurations()V+13
j  org.gradle.api.internal.artifacts.ivyservice.resolveengine.graph.DependencyGraphBuilder$DependencyEdge.attachToTargetConfigurations()V+15
J 13590 C1 org.gradle.api.internal.artifacts.ivyservice.resolveengine.graph.DependencyGraphBuilder.traverseGraph(Lorg/gradle/api/internal/artifacts/ivyservice/resolveengine/graph/DependencyGraphBuilder$ResolveState;Lorg/gradle/api/internal/artifacts/ivyservice/resolveengine/graph/conflicts/ConflictHandler;)V (257 bytes) @ 0x00000000051c1884 [0x00000000051be220+0x3664]
j  org.gradle.api.internal.artifacts.ivyservice.resolveengine.graph.DependencyGraphBuilder.resolve(Lorg/gradle/api/internal/artifacts/ResolveContext;Lorg/gradle/api/internal/artifacts/ivyservice/resolveengine/graph/DependencyGraphVisitor;)V+79
j  org.gradle.api.internal.artifacts.ivyservice.resolveengine.DefaultArtifactDependencyResolver$1.execute(Lorg/apache/ivy/Ivy;)V+135
j  org.gradle.api.internal.artifacts.ivyservice.resolveengine.DefaultArtifactDependencyResolver$1.execute(Ljava/lang/Object;)V+5
J 14964 C2 org.gradle.api.internal.artifacts.ivyservice.DefaultIvyContextManager.withIvy(Lorg/gradle/api/Transformer;)Ljava/lang/Object; (155 bytes) @ 0x00000000055b0a74 [0x00000000055af500+0x1574]
J 6172 C1 org.gradle.api.internal.artifacts.ivyservice.DefaultIvyContextManager.withIvy(Lorg/gradle/api/Action;)V (10 bytes) @ 0x00000000038d89a4 [0x00000000038d87e0+0x1c4]
j  org.gradle.api.internal.artifacts.ivyservice.resolveengine.DefaultArtifactDependencyResolver.resolve(Lorg/gradle/api/internal/artifacts/ResolveContext;Ljava/util/List;Lorg/gradle/api/internal/artifacts/GlobalDependencyResolutionRules;Lorg/gradle/api/internal/artifacts/ivyservice/resolveengine/graph/DependencyGraphVisitor;Lorg/gradle/api/internal/artifacts/ivyservice/resolveengine/artifact/DependencyArtifactsVisitor;)V+19
j  org.gradle.api.internal.artifacts.ivyservice.CacheLockingArtifactDependencyResolver$1.run()V+27
J 13716 C2 org.gradle.cache.internal.DefaultCacheAccess.useCache(Ljava/lang/String;Lorg/gradle/internal/Factory;)Ljava/lang/Object; (215 bytes) @ 0x0000000003485aac [0x0000000003485400+0x6ac]
J 14300 C2 org.gradle.api.internal.artifacts.ivyservice.DefaultCacheLockingManager.useCache(Ljava/lang/String;Ljava/lang/Runnable;)V (12 bytes) @ 0x0000000002aea940 [0x0000000002aea860+0xe0]
j  org.gradle.api.internal.artifacts.ivyservice.CacheLockingArtifactDependencyResolver.resolve(Lorg/gradle/api/internal/artifacts/ResolveContext;Ljava/util/List;Lorg/gradle/api/internal/artifacts/GlobalDependencyResolutionRules;Lorg/gradle/api/internal/artifacts/ivyservice/resolveengine/graph/DependencyGraphVisitor;Lorg/gradle/api/internal/artifacts/ivyservice/resolveengine/artifact/DependencyArtifactsVisitor;)V+32
J 16191 C1 org.gradle.api.internal.artifacts.ivyservice.DefaultConfigurationResolver.resolve(Lorg/gradle/api/internal/artifacts/configurations/ConfigurationInternal;Lorg/gradle/api/internal/artifacts/ResolverResults;)V (265 bytes) @ 0x00000000059d3ef4 [0x00000000059d15a0+0x2954]
J 16190 C1 org.gradle.api.internal.artifacts.ivyservice.SelfResolvingDependencyConfigurationResolver.resolve(Lorg/gradle/api/internal/artifacts/configurations/ConfigurationInternal;Lorg/gradle/api/internal/artifacts/ResolverResults;)V (12 bytes) @ 0x0000000002c805c4 [0x0000000002c804c0+0x104]
j  org.gradle.api.internal.artifacts.ivyservice.ShortCircuitEmptyConfigurationResolver.resolve(Lorg/gradle/api/internal/artifacts/configurations/ConfigurationInternal;Lorg/gradle/api/internal/artifacts/ResolverResults;)V+90
j  org.gradle.api.internal.artifacts.ivyservice.ErrorHandlingConfigurationResolver.resolve(Lorg/gradle/api/internal/artifacts/configurations/ConfigurationInternal;Lorg/gradle/api/internal/artifacts/ResolverResults;)V+6
J 13031 C1 org.gradle.api.internal.artifacts.configurations.DefaultConfiguration.resolveGraphIfRequired(Lorg/gradle/api/internal/artifacts/configurations/ConfigurationInternal$InternalState;)V (147 bytes) @ 0x000000000507cb84 [0x000000000507b580+0x1604]
J 13300 C1 org.gradle.api.internal.artifacts.configurations.DefaultConfiguration.resolveNow(Lorg/gradle/api/internal/artifacts/configurations/ConfigurationInternal$InternalState;)V (48 bytes) @ 0x000000000444e7c4 [0x000000000444e5e0+0x1e4]
J 14373 C1 org.gradle.api.internal.artifacts.configurations.DefaultConfiguration_Decorated.getResolvedConfiguration()Lorg/gradle/api/artifacts/ResolvedConfiguration; (26 bytes) @ 0x00000000048c6514 [0x00000000048c5ba0+0x974]
j  com.android.build.gradle.internal.DependencyManager.collectArtifacts(Lorg/gradle/api/artifacts/Configuration;Ljava/util/Map;)V+14
J 15292 C1 com.android.build.gradle.internal.DependencyManager.resolveDependencyForConfig(Lcom/android/build/gradle/internal/dependency/VariantDependencies;Lcom/android/build/gradle/internal/dependency/VariantDependencies;Ljava/lang/String;Lcom/google/common/collect/Multimap;)V (1643 bytes) @ 0x00000000056b5fec [0x00000000056b5940+0x6ac]
j  com.android.build.gradle.internal.DependencyManager.resolveDependencies(Lcom/android/build/gradle/internal/dependency/VariantDependencies;Lcom/android/build/gradle/internal/dependency/VariantDependencies;Ljava/lang/String;)V+11
j  com.android.build.gradle.internal.TaskManager.resolveDependencies(Lcom/android/build/gradle/internal/dependency/VariantDependencies;Lcom/android/build/gradle/internal/dependency/VariantDependencies;Ljava/lang/String;)V+7
j  com.android.build.gradle.internal.VariantManager$9.call()Ljava/lang/Void;+16
j  com.android.build.gradle.internal.VariantManager$9.call()Ljava/lang/Object;+1
J 11851 C1 com.android.builder.profile.ThreadRecorder$1.record(Lcom/android/builder/profile/ExecutionType;Lcom/android/builder/profile/Recorder$Block;[Lcom/android/builder/profile/Recorder$Property;)Ljava/lang/Object; (10 bytes) @ 0x0000000004cba554 [0x0000000004cba340+0x214]
j  com.android.build.gradle.internal.profile.SpanRecorders.record(Lorg/gradle/api/Project;Lcom/android/builder/profile/ExecutionType;Lcom/android/builder/profile/Recorder$Block;[Lcom/android/builder/profile/Recorder$Property;)Ljava/lang/Object;+45
j  com.android.build.gradle.internal.VariantManager.createVariantData(Lcom/android/builder/model/BuildType;Ljava/util/List;)Lcom/android/build/gradle/internal/variant/BaseVariantData;+603
j  com.android.build.gradle.internal.VariantManager.createVariantDataForProductFlavors(Ljava/util/List;)V+184
j  com.android.build.gradle.internal.VariantManager.populateVariantDataList()V+16
j  com.android.build.gradle.internal.VariantManager$1.call()Ljava/lang/Void;+4
j  com.android.build.gradle.internal.VariantManager$1.call()Ljava/lang/Object;+1
J 11851 C1 com.android.builder.profile.ThreadRecorder$1.record(Lcom/android/builder/profile/ExecutionType;Lcom/android/builder/profile/Recorder$Block;[Lcom/android/builder/profile/Recorder$Property;)Ljava/lang/Object; (10 bytes) @ 0x0000000004cba554 [0x0000000004cba340+0x214]
j  com.android.build.gradle.internal.VariantManager.createAndroidTasks()V+70
j  com.android.build.gradle.BasePlugin$12.call()Ljava/lang/Void;+7
j  com.android.build.gradle.BasePlugin$12.call()Ljava/lang/Object;+1
J 11851 C1 com.android.builder.profile.ThreadRecorder$1.record(Lcom/android/builder/profile/ExecutionType;Lcom/android/builder/profile/Recorder$Block;[Lcom/android/builder/profile/Recorder$Property;)Ljava/lang/Object; (10 bytes) @ 0x0000000004cba554 [0x0000000004cba340+0x214]
j  com.android.build.gradle.BasePlugin.createAndroidTasks(Z)V+310
j  com.android.build.gradle.BasePlugin$10$1.call()Ljava/lang/Void;+8
j  com.android.build.gradle.BasePlugin$10$1.call()Ljava/lang/Object;+1
J 11851 C1 com.android.builder.profile.ThreadRecorder$1.record(Lcom/android/builder/profile/ExecutionType;Lcom/android/builder/profile/Recorder$Block;[Lcom/android/builder/profile/Recorder$Property;)Ljava/lang/Object; (10 bytes) @ 0x0000000004cba554 [0x0000000004cba340+0x214]
j  com.android.build.gradle.BasePlugin$10.execute(Lorg/gradle/api/Project;)V+36
j  com.android.build.gradle.BasePlugin$10.execute(Ljava/lang/Object;)V+5
j  org.gradle.internal.event.BroadcastDispatch$ActionInvocationHandler.dispatch(Lorg/gradle/messaging/dispatch/MethodInvocation;)V+27
j  org.gradle.internal.event.BroadcastDispatch$ActionInvocationHandler.dispatch(Ljava/lang/Object;)V+5
J 12060 C2 org.gradle.messaging.dispatch.ProxyDispatchAdapter$DispatchingInvocationHandler.invoke(Ljava/lang/Object;Ljava/lang/reflect/Method;[Ljava/lang/Object;)Ljava/lang/Object; (179 bytes) @ 0x0000000004df8fa0 [0x0000000004df8a60+0x540]
j  com.sun.proxy.$Proxy11.afterEvaluate(Lorg/gradle/api/Project;Lorg/gradle/api/ProjectState;)V+20
j  org.gradle.configuration.project.LifecycleProjectEvaluator.notifyAfterEvaluate(Lorg/gradle/api/ProjectEvaluationListener;Lorg/gradle/api/internal/project/ProjectInternal;Lorg/gradle/api/internal/project/ProjectStateInternal;)V+3
j  org.gradle.configuration.project.LifecycleProjectEvaluator.evaluate(Lorg/gradle/api/internal/project/ProjectInternal;Lorg/gradle/api/internal/project/ProjectStateInternal;)V+72
j  org.gradle.api.internal.project.AbstractProject.evaluate()Lorg/gradle/api/internal/project/AbstractProject;+9
j  org.gradle.api.internal.project.AbstractProject.evaluate()Lorg/gradle/api/Project;+1
j  org.gradle.execution.TaskPathProjectEvaluator.configureHierarchy(Lorg/gradle/api/internal/project/ProjectInternal;)V+82
j  org.gradle.configuration.DefaultBuildConfigurer.configure(Lorg/gradle/api/internal/GradleInternal;)V+50
j  org.gradle.initialization.DefaultGradleLauncher$2.run()V+14
J 3918 C1 org.gradle.internal.Factories$1.create()Ljava/lang/Object; (11 bytes) @ 0x00000000035f90c4 [0x00000000035f8fc0+0x104]
j  org.gradle.internal.progress.DefaultBuildOperationExecutor.run(Lorg/gradle/internal/progress/BuildOperationDetails;Lorg/gradle/internal/Factory;)Ljava/lang/Object;+171
j  org.gradle.internal.progress.DefaultBuildOperationExecutor.run(Ljava/lang/String;Ljava/lang/Runnable;)V+12
j  org.gradle.initialization.DefaultGradleLauncher.doBuildStages(Lorg/gradle/initialization/DefaultGradleLauncher$Stage;)V+39
j  org.gradle.initialization.DefaultGradleLauncher.access$200(Lorg/gradle/initialization/DefaultGradleLauncher;Lorg/gradle/initialization/DefaultGradleLauncher$Stage;)V+2
j  org.gradle.initialization.DefaultGradleLauncher$1.create()Lorg/gradle/BuildResult;+29
j  org.gradle.initialization.DefaultGradleLauncher$1.create()Ljava/lang/Object;+1
j  org.gradle.internal.progress.DefaultBuildOperationExecutor.run(Lorg/gradle/internal/progress/BuildOperationDetails;Lorg/gradle/internal/Factory;)Ljava/lang/Object;+171
j  org.gradle.internal.progress.DefaultBuildOperationExecutor.run(Ljava/lang/String;Lorg/gradle/internal/Factory;)Ljava/lang/Object;+9
j  org.gradle.initialization.DefaultGradleLauncher.doBuild(Lorg/gradle/initialization/DefaultGradleLauncher$Stage;)Lorg/gradle/BuildResult;+25
j  org.gradle.initialization.DefaultGradleLauncher.getBuildAnalysis()Lorg/gradle/BuildResult;+4
j  org.gradle.launcher.exec.InProcessBuildActionExecuter$DefaultBuildController.configure()Lorg/gradle/api/internal/GradleInternal;+4
j  org.gradle.tooling.internal.provider.runner.ClientProvidedBuildActionRunner.run(Lorg/gradle/internal/invocation/BuildAction;Lorg/gradle/internal/invocation/BuildController;)V+56
j  org.gradle.launcher.exec.ChainingBuildActionRunner.run(Lorg/gradle/internal/invocation/BuildAction;Lorg/gradle/internal/invocation/BuildController;)V+34
j  org.gradle.tooling.internal.provider.runner.SubscribableBuildActionRunner.run(Lorg/gradle/internal/invocation/BuildAction;Lorg/gradle/internal/invocation/BuildController;)V+37
j  org.gradle.launcher.exec.ChainingBuildActionRunner.run(Lorg/gradle/internal/invocation/BuildAction;Lorg/gradle/internal/invocation/BuildController;)V+34
j  org.gradle.launcher.exec.InProcessBuildActionExecuter.execute(Lorg/gradle/internal/invocation/BuildAction;Lorg/gradle/initialization/BuildRequestContext;Lorg/gradle/launcher/exec/BuildActionParameters;Lorg/gradle/internal/service/ServiceRegistry;)Ljava/lang/Object;+63
j  org.gradle.launcher.exec.InProcessBuildActionExecuter.execute(Lorg/gradle/internal/invocation/BuildAction;Lorg/gradle/initialization/BuildRequestContext;Ljava/lang/Object;Lorg/gradle/internal/service/ServiceRegistry;)Ljava/lang/Object;+9
j  org.gradle.launcher.exec.ContinuousBuildActionExecuter.execute(Lorg/gradle/internal/invocation/BuildAction;Lorg/gradle/initialization/BuildRequestContext;Lorg/gradle/launcher/exec/BuildActionParameters;Lorg/gradle/internal/service/ServiceRegistry;)Ljava/lang/Object;+70
j  org.gradle.launcher.exec.ContinuousBuildActionExecuter.execute(Lorg/gradle/internal/invocation/BuildAction;Lorg/gradle/initialization/BuildRequestContext;Ljava/lang/Object;Lorg/gradle/internal/service/ServiceRegistry;)Ljava/lang/Object;+9
j  org.gradle.launcher.daemon.server.exec.ExecuteBuild.doBuild(Lorg/gradle/launcher/daemon/server/api/DaemonCommandExecution;Lorg/gradle/launcher/daemon/protocol/Build;)V+74
j  org.gradle.launcher.daemon.server.exec.BuildCommandOnly.execute(Lorg/gradle/launcher/daemon/server/api/DaemonCommandExecution;)V+49
J 14914 C1 org.gradle.launcher.daemon.server.api.DaemonCommandExecution.proceed()Z (35 bytes) @ 0x0000000005550554 [0x00000000055501a0+0x3b4]
j  org.gradle.launcher.daemon.server.exec.WatchForDisconnection.execute(Lorg/gradle/launcher/daemon/server/api/DaemonCommandExecution;)V+19
J 14914 C1 org.gradle.launcher.daemon.server.api.DaemonCommandExecution.proceed()Z (35 bytes) @ 0x0000000005550554 [0x00000000055501a0+0x3b4]
j  org.gradle.launcher.daemon.server.exec.ResetDeprecationLogger.execute(Lorg/gradle/launcher/daemon/server/api/DaemonCommandExecution;)V+4
J 14914 C1 org.gradle.launcher.daemon.server.api.DaemonCommandExecution.proceed()Z (35 bytes) @ 0x0000000005550554 [0x00000000055501a0+0x3b4]
j  org.gradle.launcher.daemon.server.exec.RequestStopIfSingleUsedDaemon.execute(Lorg/gradle/launcher/daemon/server/api/DaemonCommandExecution;)V+31
J 14914 C1 org.gradle.launcher.daemon.server.api.DaemonCommandExecution.proceed()Z (35 bytes) @ 0x0000000005550554 [0x00000000055501a0+0x3b4]
j  org.gradle.launcher.daemon.server.exec.ForwardClientInput$2.call()Ljava/lang/Void;+4
j  org.gradle.launcher.daemon.server.exec.ForwardClientInput$2.call()Ljava/lang/Object;+1
j  org.gradle.util.Swapper.swap(Ljava/lang/Object;Ljava/util/concurrent/Callable;)Ljava/lang/Object;+21
j  org.gradle.launcher.daemon.server.exec.ForwardClientInput.execute(Lorg/gradle/launcher/daemon/server/api/DaemonCommandExecution;)V+63
J 14914 C1 org.gradle.launcher.daemon.server.api.DaemonCommandExecution.proceed()Z (35 bytes) @ 0x0000000005550554 [0x00000000055501a0+0x3b4]
j  org.gradle.launcher.daemon.server.health.DaemonHealthTracker.execute(Lorg/gradle/launcher/daemon/server/api/DaemonCommandExecution;)V+35
J 14914 C1 org.gradle.launcher.daemon.server.api.DaemonCommandExecution.proceed()Z (35 bytes) @ 0x0000000005550554 [0x00000000055501a0+0x3b4]
j  org.gradle.launcher.daemon.server.exec.LogToClient.doBuild(Lorg/gradle/launcher/daemon/server/api/DaemonCommandExecution;Lorg/gradle/launcher/daemon/protocol/Build;)V+106
j  org.gradle.launcher.daemon.server.exec.BuildCommandOnly.execute(Lorg/gradle/launcher/daemon/server/api/DaemonCommandExecution;)V+49
J 14914 C1 org.gradle.launcher.daemon.server.api.DaemonCommandExecution.proceed()Z (35 bytes) @ 0x0000000005550554 [0x00000000055501a0+0x3b4]
j  org.gradle.launcher.daemon.server.exec.EstablishBuildEnvironment.doBuild(Lorg/gradle/launcher/daemon/server/api/DaemonCommandExecution;Lorg/gradle/launcher/daemon/protocol/Build;)V+243
j  org.gradle.launcher.daemon.server.exec.BuildCommandOnly.execute(Lorg/gradle/launcher/daemon/server/api/DaemonCommandExecution;)V+49
J 14914 C1 org.gradle.launcher.daemon.server.api.DaemonCommandExecution.proceed()Z (35 bytes) @ 0x0000000005550554 [0x00000000055501a0+0x3b4]
j  org.gradle.launcher.daemon.server.health.HintGCAfterBuild.execute(Lorg/gradle/launcher/daemon/server/api/DaemonCommandExecution;)V+1
J 14914 C1 org.gradle.launcher.daemon.server.api.DaemonCommandExecution.proceed()Z (35 bytes) @ 0x0000000005550554 [0x00000000055501a0+0x3b4]
j  org.gradle.launcher.daemon.server.exec.StartBuildOrRespondWithBusy$1.run()V+44
j  org.gradle.launcher.daemon.server.DaemonStateCoordinator$1.run()V+4
J 8049 C1 org.gradle.internal.concurrent.ExecutorPolicy$CatchAndRecordFailures.onExecute(Ljava/lang/Runnable;)V (45 bytes) @ 0x000000000363689c [0x0000000003636780+0x11c]
J 5426 C1 org.gradle.internal.concurrent.StoppableExecutorImpl$1.run()V (59 bytes) @ 0x0000000002a0ee44 [0x0000000002a0ea20+0x424]
J 5409 C1 java.util.concurrent.ThreadPoolExecutor.runWorker(Ljava/util/concurrent/ThreadPoolExecutor$Worker;)V (225 bytes) @ 0x00000000032d2bbc [0x00000000032d1be0+0xfdc]
J 5407 C1 java.util.concurrent.ThreadPoolExecutor$Worker.run()V (9 bytes) @ 0x0000000002c3a144 [0x0000000002c3a040+0x104]
J 5368 C1 java.lang.Thread.run()V (17 bytes) @ 0x0000000002bf4c04 [0x0000000002bf4ac0+0x144]
v  ~StubRoutines::call_stub

---------------  P R O C E S S  ---------------

Java Threads: ( => current thread )
  0x000000001c613000 JavaThread "Stdin handler" [_thread_blocked, id=17184, stack(0x000000007d4d0000,0x000000007d5d0000)]
=>0x000000001c612800 JavaThread "Daemon worker Thread 15" [_thread_in_native, id=11496, stack(0x000000007d3d0000,0x000000007d4d0000)]
  0x000000001c611000 JavaThread "Cancel handler" [_thread_blocked, id=5636, stack(0x000000007d2d0000,0x000000007d3d0000)]
  0x000000001c60f000 JavaThread "Handler for socket connection from /127.0.0.1:52130 to /127.0.0.1:64399" [_thread_in_native, id=12100, stack(0x000000007d1d0000,0x000000007d2d0000)]
  0x000000001c615800 JavaThread "Daemon Thread 15" [_thread_blocked, id=12532, stack(0x000000007d0d0000,0x000000007d1d0000)]
  0x000000001c616000 JavaThread "File lock request listener" [_thread_in_native, id=12744, stack(0x000000001a480000,0x000000001a580000)]
  0x0000000018d7a800 JavaThread "Incoming local TCP Connector on port 52130" [_thread_in_native, id=11092, stack(0x00000000189d0000,0x0000000018ad0000)]
  0x00000000167fb000 JavaThread "Service Thread" daemon [_thread_blocked, id=1060, stack(0x0000000016bd0000,0x0000000016cd0000)]
  0x0000000014eaf000 JavaThread "C1 CompilerThread2" daemon [_thread_blocked, id=18500, stack(0x00000000166d0000,0x00000000167d0000)]
  0x0000000014ea4800 JavaThread "C2 CompilerThread1" daemon [_thread_blocked, id=4556, stack(0x00000000165d0000,0x00000000166d0000)]
  0x0000000014e9f800 JavaThread "C2 CompilerThread0" daemon [_thread_blocked, id=22456, stack(0x00000000164d0000,0x00000000165d0000)]
  0x0000000014e9e000 JavaThread "Attach Listener" daemon [_thread_blocked, id=10248, stack(0x00000000163d0000,0x00000000164d0000)]
  0x00000000027ce000 JavaThread "Signal Dispatcher" daemon [_thread_blocked, id=1460, stack(0x00000000162d0000,0x00000000163d0000)]
  0x0000000014e8a000 JavaThread "Finalizer" daemon [_thread_blocked, id=12576, stack(0x00000000160f0000,0x00000000161f0000)]
  0x0000000014e69000 JavaThread "Reference Handler" daemon [_thread_blocked, id=20136, stack(0x0000000015ff0000,0x00000000160f0000)]
  0x00000000026d3800 JavaThread "main" [_thread_blocked, id=7220, stack(0x00000000025d0000,0x00000000026d0000)]

Other Threads:
  0x0000000014e66800 VMThread [stack: 0x0000000015ef0000,0x0000000015ff0000] [id=16392]
  0x0000000016816800 WatcherThread [stack: 0x0000000016cd0000,0x0000000016dd0000] [id=24960]

VM state:not at safepoint (normal execution)

VM Mutex/Monitor currently owned by a thread: None

Heap:
 PSYoungGen      total 329728K, used 179072K [0x00000000eab00000, 0x00000000ffa80000, 0x0000000100000000)
  eden space 316928K, 56% used [0x00000000eab00000,0x00000000f59e01b0,0x00000000fe080000)
  from space 12800K, 0% used [0x00000000fee00000,0x00000000fee00000,0x00000000ffa80000)
  to   space 13312K, 0% used [0x00000000fe080000,0x00000000fe080000,0x00000000fed80000)
 ParOldGen       total 97792K, used 55852K [0x00000000c0000000, 0x00000000c5f80000, 0x00000000eab00000)
  object space 97792K, 57% used [0x00000000c0000000,0x00000000c368b3c0,0x00000000c5f80000)
 Metaspace       used 61095K, capacity 67420K, committed 68224K, reserved 1107968K
  class space    used 7992K, capacity 8813K, committed 9088K, reserved 1048576K

Card table byte_map: [0x0000000011b90000,0x0000000011da0000] byte_map_base: 0x0000000011590000

Marking Bits: (ParMarkBitMap*) 0x000000007414a6c0
 Begin Bits: [0x0000000012300000, 0x0000000013300000)
 End Bits:   [0x0000000013300000, 0x0000000014300000)

Polling page: 0x0000000002540000

CodeCache: size=245760Kb used=51170Kb max_used=51253Kb free=194589Kb
 bounds [0x00000000027d0000, 0x0000000005a30000, 0x00000000117d0000]
 total_blobs=13686 nmethods=12946 adapters=650
 compilation: enabled

Compilation events (10 events):
Event: 4719.638 Thread 0x0000000014ea4800 16375       4       sun.security.util.DerValue::<init> (250 bytes)
Event: 4719.639 Thread 0x0000000014eaf000 nmethod 16376 0x000000000432f6d0 code [0x000000000432f840, 0x000000000432fc70]
Event: 4719.647 Thread 0x0000000014e9f800 nmethod 16369 0x000000000532f990 code [0x000000000532fb40, 0x00000000053302e8]
Event: 4719.691 Thread 0x0000000014ea4800 nmethod 16375 0x00000000054bf1d0 code [0x00000000054bf340, 0x00000000054bfff8]
Event: 4719.705 Thread 0x0000000014e9f800 16377       4       java.util.Arrays::hashCode (44 bytes)
Event: 4719.705 Thread 0x0000000014eaf000 16378       3       sun.security.x509.X509CertImpl::getEncodedInternal (20 bytes)
Event: 4719.705 Thread 0x0000000014eaf000 nmethod 16378 0x000000000532f090 code [0x000000000532f240, 0x000000000532f7b8]
Event: 4719.708 Thread 0x0000000014e9f800 nmethod 16377 0x00000000054bee90 code [0x00000000054befc0, 0x00000000054bf118]
Event: 4719.854 Thread 0x0000000014eaf000 16379       1       java.lang.invoke.MethodTypeForm::basicType (5 bytes)
Event: 4719.855 Thread 0x0000000014eaf000 nmethod 16379 0x000000000432f410 code [0x000000000432f560, 0x000000000432f670]

GC Heap History (10 events):
Event: 3419.951 GC heap before
{Heap before GC invocations=50 (full 12):
 PSYoungGen      total 316928K, used 299604K [0x00000000eab00000, 0x00000000fef00000, 0x0000000100000000)
  eden space 302080K, 99% used [0x00000000eab00000,0x00000000fcf952b0,0x00000000fd200000)
  from space 14848K, 0% used [0x00000000fd200000,0x00000000fd200000,0x00000000fe080000)
  to   space 14848K, 0% used [0x00000000fe080000,0x00000000fe080000,0x00000000fef00000)
 ParOldGen       total 97792K, used 68633K [0x00000000c0000000, 0x00000000c5f80000, 0x00000000eab00000)
  object space 97792K, 70% used [0x00000000c0000000,0x00000000c4306498,0x00000000c5f80000)
 Metaspace       used 60760K, capacity 67116K, committed 67456K, reserved 1107968K
  class space    used 8018K, capacity 8972K, committed 9088K, reserved 1048576K
Event: 3419.971 GC heap after
Heap after GC invocations=50 (full 12):
 PSYoungGen      total 315904K, used 5884K [0x00000000eab00000, 0x00000000fee00000, 0x0000000100000000)
  eden space 302080K, 0% used [0x00000000eab00000,0x00000000eab00000,0x00000000fd200000)
  from space 13824K, 42% used [0x00000000fe080000,0x00000000fe63f280,0x00000000fee00000)
  to   space 14336K, 0% used [0x00000000fd200000,0x00000000fd200000,0x00000000fe000000)
 ParOldGen       total 97792K, used 68641K [0x00000000c0000000, 0x00000000c5f80000, 0x00000000eab00000)
  object space 97792K, 70% used [0x00000000c0000000,0x00000000c4308498,0x00000000c5f80000)
 Metaspace       used 60760K, capacity 67116K, committed 67456K, reserved 1107968K
  class space    used 8018K, capacity 8972K, committed 9088K, reserved 1048576K
}
Event: 3419.972 GC heap before
{Heap before GC invocations=51 (full 13):
 PSYoungGen      total 315904K, used 5884K [0x00000000eab00000, 0x00000000fee00000, 0x0000000100000000)
  eden space 302080K, 0% used [0x00000000eab00000,0x00000000eab00000,0x00000000fd200000)
  from space 13824K, 42% used [0x00000000fe080000,0x00000000fe63f280,0x00000000fee00000)
  to   space 14336K, 0% used [0x00000000fd200000,0x00000000fd200000,0x00000000fe000000)
 ParOldGen       total 97792K, used 68641K [0x00000000c0000000, 0x00000000c5f80000, 0x00000000eab00000)
  object space 97792K, 70% used [0x00000000c0000000,0x00000000c4308498,0x00000000c5f80000)
 Metaspace       used 60760K, capacity 67116K, committed 67456K, reserved 1107968K
  class space    used 8018K, capacity 8972K, committed 9088K, reserved 1048576K
Event: 3420.468 GC heap after
Heap after GC invocations=51 (full 13):
 PSYoungGen      total 315904K, used 0K [0x00000000eab00000, 0x00000000fee00000, 0x0000000100000000)
  eden space 302080K, 0% used [0x00000000eab00000,0x00000000eab00000,0x00000000fd200000)
  from space 13824K, 0% used [0x00000000fe080000,0x00000000fe080000,0x00000000fee00000)
  to   space 14336K, 0% used [0x00000000fd200000,0x00000000fd200000,0x00000000fe000000)
 ParOldGen       total 97792K, used 69314K [0x00000000c0000000, 0x00000000c5f80000, 0x00000000eab00000)
  object space 97792K, 70% used [0x00000000c0000000,0x00000000c43b0968,0x00000000c5f80000)
 Metaspace       used 60361K, capacity 66486K, committed 67456K, reserved 1107968K
  class space    used 7938K, capacity 8852K, committed 9088K, reserved 1048576K
}
Event: 3519.801 GC heap before
{Heap before GC invocations=52 (full 13):
 PSYoungGen      total 315904K, used 302080K [0x00000000eab00000, 0x00000000fee00000, 0x0000000100000000)
  eden space 302080K, 100% used [0x00000000eab00000,0x00000000fd200000,0x00000000fd200000)
  from space 13824K, 0% used [0x00000000fe080000,0x00000000fe080000,0x00000000fee00000)
  to   space 14336K, 0% used [0x00000000fd200000,0x00000000fd200000,0x00000000fe000000)
 ParOldGen       total 97792K, used 69314K [0x00000000c0000000, 0x00000000c5f80000, 0x00000000eab00000)
  object space 97792K, 70% used [0x00000000c0000000,0x00000000c43b0968,0x00000000c5f80000)
 Metaspace       used 60877K, capacity 67442K, committed 67712K, reserved 1107968K
  class space    used 8015K, capacity 8961K, committed 9088K, reserved 1048576K
Event: 3519.892 GC heap after
Heap after GC invocations=52 (full 13):
 PSYoungGen      total 316416K, used 6028K [0x00000000eab00000, 0x00000000ffb80000, 0x0000000100000000)
  eden space 302080K, 0% used [0x00000000eab00000,0x00000000eab00000,0x00000000fd200000)
  from space 14336K, 42% used [0x00000000fd200000,0x00000000fd7e3388,0x00000000fe000000)
  to   space 13824K, 0% used [0x00000000fee00000,0x00000000fee00000,0x00000000ffb80000)
 ParOldGen       total 97792K, used 69322K [0x00000000c0000000, 0x00000000c5f80000, 0x00000000eab00000)
  object space 97792K, 70% used [0x00000000c0000000,0x00000000c43b2968,0x00000000c5f80000)
 Metaspace       used 60877K, capacity 67442K, committed 67712K, reserved 1107968K
  class space    used 8015K, capacity 8961K, committed 9088K, reserved 1048576K
}
Event: 4093.014 GC heap before
{Heap before GC invocations=53 (full 13):
 PSYoungGen      total 316416K, used 276016K [0x00000000eab00000, 0x00000000ffb80000, 0x0000000100000000)
  eden space 302080K, 89% used [0x00000000eab00000,0x00000000fb2a9008,0x00000000fd200000)
  from space 14336K, 42% used [0x00000000fd200000,0x00000000fd7e3388,0x00000000fe000000)
  to   space 13824K, 0% used [0x00000000fee00000,0x00000000fee00000,0x00000000ffb80000)
 ParOldGen       total 97792K, used 69322K [0x00000000c0000000, 0x00000000c5f80000, 0x00000000eab00000)
  object space 97792K, 70% used [0x00000000c0000000,0x00000000c43b2968,0x00000000c5f80000)
 Metaspace       used 61224K, capacity 67842K, committed 67968K, reserved 1107968K
  class space    used 8037K, capacity 8979K, committed 9088K, reserved 1048576K
Event: 4093.084 GC heap after
Heap after GC invocations=53 (full 13):
 PSYoungGen      total 329728K, used 7380K [0x00000000eab00000, 0x00000000ffa80000, 0x0000000100000000)
  eden space 316928K, 0% used [0x00000000eab00000,0x00000000eab00000,0x00000000fe080000)
  from space 12800K, 57% used [0x00000000fee00000,0x00000000ff5351b8,0x00000000ffa80000)
  to   space 13312K, 0% used [0x00000000fe080000,0x00000000fe080000,0x00000000fed80000)
 ParOldGen       total 97792K, used 69330K [0x00000000c0000000, 0x00000000c5f80000, 0x00000000eab00000)
  object space 97792K, 70% used [0x00000000c0000000,0x00000000c43b4968,0x00000000c5f80000)
 Metaspace       used 61224K, capacity 67842K, committed 67968K, reserved 1107968K
  class space    used 8037K, capacity 8979K, committed 9088K, reserved 1048576K
}
Event: 4093.084 GC heap before
{Heap before GC invocations=54 (full 14):
 PSYoungGen      total 329728K, used 7380K [0x00000000eab00000, 0x00000000ffa80000, 0x0000000100000000)
  eden space 316928K, 0% used [0x00000000eab00000,0x00000000eab00000,0x00000000fe080000)
  from space 12800K, 57% used [0x00000000fee00000,0x00000000ff5351b8,0x00000000ffa80000)
  to   space 13312K, 0% used [0x00000000fe080000,0x00000000fe080000,0x00000000fed80000)
 ParOldGen       total 97792K, used 69330K [0x00000000c0000000, 0x00000000c5f80000, 0x00000000eab00000)
  object space 97792K, 70% used [0x00000000c0000000,0x00000000c43b4968,0x00000000c5f80000)
 Metaspace       used 61224K, capacity 67842K, committed 67968K, reserved 1107968K
  class space    used 8037K, capacity 8979K, committed 9088K, reserved 1048576K
Event: 4095.357 GC heap after
Heap after GC invocations=54 (full 14):
 PSYoungGen      total 329728K, used 0K [0x00000000eab00000, 0x00000000ffa80000, 0x0000000100000000)
  eden space 316928K, 0% used [0x00000000eab00000,0x00000000eab00000,0x00000000fe080000)
  from space 12800K, 0% used [0x00000000fee00000,0x00000000fee00000,0x00000000ffa80000)
  to   space 13312K, 0% used [0x00000000fe080000,0x00000000fe080000,0x00000000fed80000)
 ParOldGen       total 97792K, used 55852K [0x00000000c0000000, 0x00000000c5f80000, 0x00000000eab00000)
  object space 97792K, 57% used [0x00000000c0000000,0x00000000c368b3c0,0x00000000c5f80000)
 Metaspace       used 59890K, capacity 65876K, committed 67968K, reserved 1107968K
  class space    used 7805K, capacity 8609K, committed 9088K, reserved 1048576K
}

Deoptimization events (10 events):
Event: 4719.242 Thread 0x000000001c612800 Uncommon trap: reason=bimorphic action=maybe_recompile pc=0x0000000003526384 method=java.security.Provider$Service.newInstance(Ljava/lang/Object;)Ljava/lang/Object; @ 19
Event: 4719.274 Thread 0x000000001c612800 Uncommon trap: reason=bimorphic action=maybe_recompile pc=0x0000000003526384 method=java.security.Provider$Service.newInstance(Ljava/lang/Object;)Ljava/lang/Object; @ 19
Event: 4719.377 Thread 0x000000001c612800 Uncommon trap: reason=bimorphic action=maybe_recompile pc=0x0000000005a22808 method=java.lang.StringCoding$StringDecoder.decode([BII)[C @ 48
Event: 4719.463 Thread 0x000000001c612800 Uncommon trap: reason=bimorphic action=maybe_recompile pc=0x0000000005a22808 method=java.lang.StringCoding$StringDecoder.decode([BII)[C @ 48
Event: 4719.509 Thread 0x000000001c612800 Uncommon trap: reason=bimorphic action=maybe_recompile pc=0x0000000005a22808 method=java.lang.StringCoding$StringDecoder.decode([BII)[C @ 48
Event: 4719.513 Thread 0x000000001c612800 Uncommon trap: reason=bimorphic action=maybe_recompile pc=0x0000000005a22808 method=java.lang.StringCoding$StringDecoder.decode([BII)[C @ 48
Event: 4719.537 Thread 0x000000001c612800 Uncommon trap: reason=unstable_if action=reinterpret pc=0x0000000003c65d34 method=java.net.URI$Parser.parseHierarchical(II)I @ 127
Event: 4719.717 Thread 0x000000001c612800 Uncommon trap: reason=bimorphic action=maybe_recompile pc=0x0000000003526384 method=java.security.Provider$Service.newInstance(Ljava/lang/Object;)Ljava/lang/Object; @ 19
Event: 4719.755 Thread 0x000000001c612800 Uncommon trap: reason=unstable_if action=reinterpret pc=0x00000000031970c0 method=java.util.regex.Pattern.newSlice([IIZ)Ljava/util/regex/Pattern$Node; @ 10
Event: 4719.909 Thread 0x000000001c612800 Uncommon trap: reason=unstable_if action=reinterpret pc=0x0000000003a79668 method=java.util.regex.Pattern$Curly.study(Ljava/util/regex/Pattern$TreeInfo;)Z @ 71

Internal exceptions (10 events):
Event: 4690.569 Thread 0x000000001c612800 Exception <a 'java/lang/ClassNotFoundException': asLocalRepo122_2zwxq83ftfspg6zli8bavdrakBeanInfo> (0x00000000eb1f72d8) thrown at [C:\re\workspace\8-2-build-windows-amd64-cygwin\jdk8u102\7268\hotspot\src\share\vm\classfile\systemDictionary.cpp, line 210]
Event: 4690.608 Thread 0x000000001c612800 Exception <a 'java/lang/ClassNotFoundException': asLocalRepo122_2zwxq83ftfspg6zli8bavdrakCustomizer> (0x00000000eb200888) thrown at [C:\re\workspace\8-2-build-windows-amd64-cygwin\jdk8u102\7268\hotspot\src\share\vm\classfile\systemDictionary.cpp, line 210]ò9´œ‚U²@
Event: 4693.510 Thread 0x000000001c612800 Exception <a 'java/lang/ClassNotFoundException': ijinit35_bbjs1pw9ohkrsfw2eelf6h47mBeanInfo> (0x00000000efb698a0) thrown at [C:\re\workspace\8-2-build-windows-amd64-cygwin\jdk8u102\7268\hotspot\src\share\vm\classfile\systemDictionary.cpp, line 210]
Event: 4693.511 Thread 0x000000001c612800 Exception <a 'java/lang/ClassNotFoundException': ijinit35_bbjs1pw9ohkrsfw2eelf6h47mCustomizer> (0x00000000efb72910) thrown at [C:\re\workspace\8-2-build-windows-amd64-cygwin\jdk8u102\7268\hotspot\src\share\vm\classfile\systemDictionary.cpp, line 210]
Event: 4693.705 Thread 0x000000001c612800 Exception <a 'java/lang/ClassNotFoundException': JetGradlePluginBeanInfo> (0x00000000efcc2298) thrown at [C:\re\workspace\8-2-build-windows-amd64-cygwin\jdk8u102\7268\hotspot\src\share\vm\classfile\systemDictionary.cpp, line 210]
Event: 4693.706 Thread 0x000000001c612800 Exception <a 'java/lang/ClassNotFoundException': JetGradlePluginCustomizer> (0x00000000efcc9250) thrown at [C:\re\workspace\8-2-build-windows-amd64-cygwin\jdk8u102\7268\hotspot\src\share\vm\classfile\systemDictionary.cpp, line 210]
Event: 4693.715 Thread 0x000000001c612800 Exception <a 'java/lang/ClassNotFoundException': org/jetbrains/plugins/gradle/tooling/internal/ExtraModelBuilderBeanInfo> (0x00000000efcf5f60) thrown at [C:\re\workspace\8-2-build-windows-amd64-cygwin\jdk8u102\7268\hotspot\src\share\vm\classfile\systemDict(6@n·U²@
Event: 4693.717 Thread 0x000000001c612800 Exception <a 'java/lang/ClassNotFoundException': org/jetbrains/plugins/gradle/tooling/internal/ExtraModelBuilderCustomizer> (0x00000000efd02c18) thrown at [C:\re\workspace\8-2-build-windows-amd64-cygwin\jdk8u102\7268\hotspot\src\share\vm\classfile\systemDiDDUgd²@
Event: 4708.084 Thread 0x000000001c612800 Exception <a 'java/lang/ClassNotFoundException': build_dt2z06w13en3ty79rt7wv2yb8BeanInfo> (0x00000000f3a63d18) thrown at [C:\re\workspace\8-2-build-windows-amd64-cygwin\jdk8u102\7268\hotspot\src\share\vm\classfile\systemDictionary.cpp, line 210]
Event: 4708.085 Thread 0x000000001c612800 Exception <a 'java/lang/ClassNotFoundException': build_dt2z06w13en3ty79rt7wv2yb8Customizer> (0x00000000f3a70ac8) thrown at [C:\re\workspace\8-2-build-windows-amd64-cygwin\jdk8u102\7268\hotspot\src\share\vm\classfile\systemDictionary.cpp, line 210]

Events (10 events):
Event: 4720.408 Executing VM operation: RevokeBias
Event: 4720.408 Executing VM operation: RevokeBias done
Event: 4720.408 loading class sun/net/InetAddressCachePolicy
Event: 4720.409 loading class sun/net/InetAddressCachePolicy done
Event: 4720.409 loading class sun/net/InetAddressCachePolicy$1
Event: 4720.409 loading class sun/net/InetAddressCachePolicy$1 done
Event: 4720.410 loading class sun/net/InetAddressCachePolicy$2
Event: 4720.431 loading class sun/net/InetAddressCachePolicy$2 done
Event: 4720.431 loading class java/net/InetAddress$CacheEntry
Event: 4720.432 loading class java/net/InetAddress$CacheEntry done


Dynamic libraries:
0x00007ff7122b0000 - 0x00007ff7122e7000 	C:\Program Files\Java\jdk1.8.0_102\bin\java.exe
0x00007fff90ac0000 - 0x00007fff90c81000 	C:\WINDOWS\SYSTEM32\ntdll.dll
0x00007fff90530000 - 0x00007fff905dd000 	C:\WINDOWS\system32\KERNEL32.DLL
0x00007fff85d20000 - 0x00007fff85d53000 	C:\Program Files (x86)\AVG\Av\avghooka.dll
0x00007fff8dbc0000 - 0x00007fff8dda8000 	C:\WINDOWS\system32\KERNELBASE.dll
0x00007fff8e410000 - 0x00007fff8e4b7000 	C:\WINDOWS\system32\ADVAPI32.dll
0x00007fff8e360000 - 0x00007fff8e3fd000 	C:\WINDOWS\system32\msvcrt.dll
0x00007fff8e590000 - 0x00007fff8e5eb000 	C:\WINDOWS\system32\sechost.dll
0x00007fff8edd0000 - 0x00007fff8eeec000 	C:\WINDOWS\system32\RPCRT4.dll
0x00007fff90960000 - 0x00007fff90ab6000 	C:\WINDOWS\system32\USER32.dll
0x00007fff907d0000 - 0x00007fff90956000 	C:\WINDOWS\system32\GDI32.dll
0x00007fff78290000 - 0x00007fff78504000 	C:\WINDOWS\WinSxS\amd64_microsoft.windows.common-controls_6595b64144ccf1df_6.0.10586.494_none_a2d8b04ea53e3145\COMCTL32.dll
0x00007fff8dec0000 - 0x00007fff8e13d000 	C:\WINDOWS\system32\combase.dll
0x00007fff8d500000 - 0x00007fff8d56a000 	C:\WINDOWS\system32\bcryptPrimitives.dll
0x00007fff90790000 - 0x00007fff907cb000 	C:\WINDOWS\system32\IMM32.DLL
0x0000000072830000 - 0x0000000072901000 	C:\Program Files\Java\jdk1.8.0_102\jre\bin\msvcr100.dll
0x0000000073930000 - 0x00000000741ca000 	C:\Program Files\Java\jdk1.8.0_102\jre\bin\server\jvm.dll
0x00007fff90520000 - 0x00007fff90528000 	C:\WINDOWS\system32\PSAPI.DLL
0x00007fff804b0000 - 0x00007fff804b9000 	C:\WINDOWS\SYSTEM32\WSOCK32.dll
0x00007fff904b0000 - 0x00007fff9051b000 	C:\WINDOWS\system32\WS2_32.dll
0x00007fff8b790000 - 0x00007fff8b7b3000 	C:\WINDOWS\SYSTEM32\WINMM.dll
0x00007fff8bf50000 - 0x00007fff8bf5a000 	C:\WINDOWS\SYSTEM32\VERSION.dll
0x00007fff8b760000 - 0x00007fff8b78c000 	C:\WINDOWS\SYSTEM32\WINMMBASE.dll
0x00007fff8d230000 - 0x00007fff8d273000 	C:\WINDOWS\system32\cfgmgr32.dll
0x0000000073920000 - 0x000000007392f000 	C:\Program Files\Java\jdk1.8.0_102\jre\bin\verify.dll
0x00000000738f0000 - 0x0000000073919000 	C:\Program Files\Java\jdk1.8.0_102\jre\bin\java.dll
0x00000000738d0000 - 0x00000000738e6000 	C:\Program Files\Java\jdk1.8.0_102\jre\bin\zip.dll
0x00007fff8ef50000 - 0x00007fff904ac000 	C:\WINDOWS\system32\SHELL32.dll
0x00007fff8d570000 - 0x00007fff8dbb5000 	C:\WINDOWS\system32\windows.storage.dll
0x00007fff8ec50000 - 0x00007fff8eca2000 	C:\WINDOWS\system32\shlwapi.dll
0x00007fff8d150000 - 0x00007fff8d15f000 	C:\WINDOWS\system32\kernel.appcore.dll
0x00007fff8d170000 - 0x00007fff8d225000 	C:\WINDOWS\system32\shcore.dll
0x00007fff8d0e0000 - 0x00007fff8d12b000 	C:\WINDOWS\system32\powrprof.dll
0x00007fff8d130000 - 0x00007fff8d144000 	C:\WINDOWS\system32\profapi.dll
0x00000000738b0000 - 0x00000000738ca000 	C:\Program Files\Java\jdk1.8.0_102\jre\bin\net.dll
0x0000000180000000 - 0x000000018008b000 	C:\WINDOWS\system32\EasyRedirect64.dll
0x00007fff8e210000 - 0x00007fff8e353000 	C:\WINDOWS\system32\ole32.dll
0x00007fff8e4c0000 - 0x00007fff8e581000 	C:\WINDOWS\system32\OLEAUT32.dll
0x00007fff8c9b0000 - 0x00007fff8ca0c000 	C:\WINDOWS\SYSTEM32\MSWSOCK.dll
0x00007fff8bf60000 - 0x00007fff8bf98000 	C:\WINDOWS\SYSTEM32\IPHLPAPI.DLL
0x00007fff8cd50000 - 0x00007fff8cd7d000 	C:\WINDOWS\SYSTEM32\SspiCli.dll
0x00007fff8b9e0000 - 0x00007fff8ba76000 	C:\WINDOWS\system32\uxtheme.dll
0x00007fff8e140000 - 0x00007fff8e1e7000 	C:\WINDOWS\system32\clbcatq.dll
0x00007fff8cf00000 - 0x00007fff8cf99000 	C:\WINDOWS\SYSTEM32\sxs.dll
0x0000000073890000 - 0x00000000738a1000 	C:\Program Files\Java\jdk1.8.0_102\jre\bin\nio.dll
0x00007fff79e80000 - 0x00007fff79e92000 	C:\Users\Tolotra Samuel\.gradle\native\19\windows-amd64\native-platform.dll
0x00007fff8e400000 - 0x00007fff8e408000 	C:\WINDOWS\system32\NSI.dll
0x00007fff810e0000 - 0x00007fff810f6000 	C:\WINDOWS\SYSTEM32\dhcpcsvc6.DLL
0x00007fff80e00000 - 0x00007fff80e1a000 	C:\WINDOWS\SYSTEM32\dhcpcsvc.DLL
0x00007fff8ca60000 - 0x00007fff8ca77000 	C:\WINDOWS\SYSTEM32\CRYPTSP.dll
0x00007fff8c6f0000 - 0x00007fff8c724000 	C:\WINDOWS\system32\rsaenh.dll
0x00007fff8d010000 - 0x00007fff8d039000 	C:\WINDOWS\SYSTEM32\bcrypt.dll
0x00007fff8c840000 - 0x00007fff8c85f000 	C:\WINDOWS\SYSTEM32\USERENV.dll
0x00007fff8d000000 - 0x00007fff8d00b000 	C:\WINDOWS\SYSTEM32\CRYPTBASE.dll
0x0000000073690000 - 0x000000007369d000 	C:\Program Files\Java\jdk1.8.0_102\jre\bin\management.dll
0x00000000741d0000 - 0x00000000741f4000 	C:\Program Files\Java\jdk1.8.0_102\jre\bin\sunec.dll
0x00007fff8bab0000 - 0x00007fff8bb5a000 	C:\WINDOWS\SYSTEM32\DNSAPI.dll
0x00007fff7f170000 - 0x00007fff7f17a000 	C:\Windows\System32\rasadhlp.dll
0x00007fff80d20000 - 0x00007fff80d87000 	C:\WINDOWS\System32\fwpuclnt.dll
0x00007fff81270000 - 0x00007fff813fc000 	C:\WINDOWS\SYSTEM32\dbghelp.dll

VM Arguments:
jvm_args: -XX:MaxPermSize=256m -XX:+HeapDumpOnOutOfMemoryError -Xmx1024m -Dfile.encoding=windows-1252 -Duser.country=GB -Duser.language=en -Duser.variant 
java_command: org.gradle.launcher.daemon.bootstrap.GradleDaemon 2.8
java_class_path (initial): C:\Users\Tolotra Samuel\.gradle\wrapper\dists\gradle-2.8-all\ah86jmo43de9lfa8xg9ux3c4h\gradle-2.8\lib\gradle-launcher-2.8.jar
Launcher Type: SUN_STANDARD

Environment Variables:
JAVA_HOME=C:\Program Files\Java\jdk1.8.0_102
USERNAME=Tolotra Samuel
OS=Windows_NT
PROCESSOR_IDENTIFIER=Intel64 Family 6 Model 69 Stepping 1, GenuineIntel



---------------  S Y S T E M  ---------------

OS: Windows 10.0 , 64 bit Build 10586 (10.0.10586.0)

CPU:total 4 (2 cores per cpu, 2 threads per core) family 6 model 69 stepping 1, cmov, cx8, fxsr, mmx, sse, sse2, sse3, ssse3, sse4.1, sse4.2, popcnt, avx, avx2, aes, clmul, erms, lzcnt, ht, tsc, tscinvbit, bmi1, bmi2

Memory: 4k page, physical 8307672k(840296k free), swap 28694628k(4691156k free)

vm_info: Java HotSpot(TM) 64-Bit Server VM (25.102-b14) for windows-amd64 JRE (1.8.0_102-b14), built on Jun 22 2016 13:15:21 by "java_re" with MS VC++ 10.0 (VS2010)

time: Tue Aug 23 13:50:18 2016
elapsed time: 4722 seconds (0d 1h 18m 42s)

